
*** Running vivado
    with args -log soc_lite_top.vds -m64 -product Vivado -mode batch -messageDb vivado.pb -notrace -source soc_lite_top.tcl


ECHO 处于关闭状态。
ECHO 处于关闭状态。

****** Vivado v2023.1 (64-bit)
  **** SW Build 3865809 on Sun May  7 15:05:29 MDT 2023
  **** IP Build 3864474 on Sun May  7 20:36:21 MDT 2023
  **** SharedData Build 3865790 on Sun May 07 13:33:03 MDT 2023
    ** Copyright 1986-2022 Xilinx, Inc. All Rights Reserved.
    ** Copyright 2022-2023 Advanced Micro Devices, Inc. All Rights Reserved.

source soc_lite_top.tcl -notrace
create_project: Time (s): cpu = 00:00:05 ; elapsed = 00:00:05 . Memory (MB): peak = 434.273 ; gain = 162.898
Command: synth_design -top soc_lite_top -part xc7a100ticsg324-1L
Starting synth_design
Attempting to get a license for feature 'Synthesis' and/or device 'xc7a100ti'
INFO: [Common 17-349] Got license for feature 'Synthesis' and/or device 'xc7a100ti'
INFO: [Device 21-403] Loading part xc7a100ticsg324-1L
INFO: [Synth 8-7079] Multithreading enabled for synth_design using a maximum of 2 processes.
INFO: [Synth 8-7078] Launching helper process for spawning children vivado processes
INFO: [Synth 8-7075] Helper process launched with PID 38512
---------------------------------------------------------------------------------
Starting RTL Elaboration : Time (s): cpu = 00:00:03 ; elapsed = 00:00:03 . Memory (MB): peak = 1277.992 ; gain = 408.504
---------------------------------------------------------------------------------
INFO: [Synth 8-6157] synthesizing module 'soc_lite_top' [d:/NSCSCC/loongarch/cdp_ede_local-master-pipelinecpu_sdu/mycpu_env/soc_verify/soc_bram/rtl/soc_lite_top.v:67]
INFO: [Synth 8-6157] synthesizing module 'clk_pll' [d:/NSCSCC/loongarch/cdp_ede_local-master-pipelinecpu_sdu/mycpu_env/soc_verify/soc_bram/run_vivado/project/loongson.runs/synth_1/.Xil/Vivado-42380-byhx_mk/realtime/clk_pll_stub.v:6]
INFO: [Synth 8-6155] done synthesizing module 'clk_pll' (0#1) [d:/NSCSCC/loongarch/cdp_ede_local-master-pipelinecpu_sdu/mycpu_env/soc_verify/soc_bram/run_vivado/project/loongson.runs/synth_1/.Xil/Vivado-42380-byhx_mk/realtime/clk_pll_stub.v:6]
INFO: [Synth 8-6157] synthesizing module 'mycpu_top' [d:/NSCSCC/loongarch/cdp_ede_local-master-pipelinecpu_sdu/mycpu_env/myCPU/mycpu_top.v:1]
INFO: [Synth 8-6157] synthesizing module 'IF_state' [d:/NSCSCC/loongarch/cdp_ede_local-master-pipelinecpu_sdu/mycpu_env/myCPU/IF_state.v:7]
INFO: [Synth 8-6155] done synthesizing module 'IF_state' (0#1) [d:/NSCSCC/loongarch/cdp_ede_local-master-pipelinecpu_sdu/mycpu_env/myCPU/IF_state.v:7]
INFO: [Synth 8-6157] synthesizing module 'ID_state' [d:/NSCSCC/loongarch/cdp_ede_local-master-pipelinecpu_sdu/mycpu_env/myCPU/ID_state.v:1]
INFO: [Synth 8-6157] synthesizing module 'decoder_6_64' [d:/NSCSCC/loongarch/cdp_ede_local-master-pipelinecpu_sdu/mycpu_env/myCPU/tools.v:40]
INFO: [Synth 8-6155] done synthesizing module 'decoder_6_64' (0#1) [d:/NSCSCC/loongarch/cdp_ede_local-master-pipelinecpu_sdu/mycpu_env/myCPU/tools.v:40]
INFO: [Synth 8-6157] synthesizing module 'decoder_4_16' [d:/NSCSCC/loongarch/cdp_ede_local-master-pipelinecpu_sdu/mycpu_env/myCPU/tools.v:14]
INFO: [Synth 8-6155] done synthesizing module 'decoder_4_16' (0#1) [d:/NSCSCC/loongarch/cdp_ede_local-master-pipelinecpu_sdu/mycpu_env/myCPU/tools.v:14]
INFO: [Synth 8-6157] synthesizing module 'decoder_2_4' [d:/NSCSCC/loongarch/cdp_ede_local-master-pipelinecpu_sdu/mycpu_env/myCPU/tools.v:1]
INFO: [Synth 8-6155] done synthesizing module 'decoder_2_4' (0#1) [d:/NSCSCC/loongarch/cdp_ede_local-master-pipelinecpu_sdu/mycpu_env/myCPU/tools.v:1]
INFO: [Synth 8-6157] synthesizing module 'decoder_5_32' [d:/NSCSCC/loongarch/cdp_ede_local-master-pipelinecpu_sdu/mycpu_env/myCPU/tools.v:27]
INFO: [Synth 8-6155] done synthesizing module 'decoder_5_32' (0#1) [d:/NSCSCC/loongarch/cdp_ede_local-master-pipelinecpu_sdu/mycpu_env/myCPU/tools.v:27]
INFO: [Synth 8-6157] synthesizing module 'regfile' [d:/NSCSCC/loongarch/cdp_ede_local-master-pipelinecpu_sdu/mycpu_env/myCPU/regfile.v:1]
INFO: [Synth 8-6155] done synthesizing module 'regfile' (0#1) [d:/NSCSCC/loongarch/cdp_ede_local-master-pipelinecpu_sdu/mycpu_env/myCPU/regfile.v:1]
INFO: [Synth 8-6155] done synthesizing module 'ID_state' (0#1) [d:/NSCSCC/loongarch/cdp_ede_local-master-pipelinecpu_sdu/mycpu_env/myCPU/ID_state.v:1]
INFO: [Synth 8-6157] synthesizing module 'EXE_state' [d:/NSCSCC/loongarch/cdp_ede_local-master-pipelinecpu_sdu/mycpu_env/myCPU/EXE_state.v:1]
INFO: [Synth 8-6157] synthesizing module 'alu' [d:/NSCSCC/loongarch/cdp_ede_local-master-pipelinecpu_sdu/mycpu_env/myCPU/alu.v:1]
INFO: [Synth 8-6157] synthesizing module 'my_div_u' [d:/NSCSCC/loongarch/cdp_ede_local-master-pipelinecpu_sdu/mycpu_env/soc_verify/soc_bram/run_vivado/project/loongson.runs/synth_1/.Xil/Vivado-42380-byhx_mk/realtime/my_div_u_stub.v:6]
INFO: [Synth 8-6155] done synthesizing module 'my_div_u' (0#1) [d:/NSCSCC/loongarch/cdp_ede_local-master-pipelinecpu_sdu/mycpu_env/soc_verify/soc_bram/run_vivado/project/loongson.runs/synth_1/.Xil/Vivado-42380-byhx_mk/realtime/my_div_u_stub.v:6]
INFO: [Synth 8-6157] synthesizing module 'my_div_s' [d:/NSCSCC/loongarch/cdp_ede_local-master-pipelinecpu_sdu/mycpu_env/soc_verify/soc_bram/run_vivado/project/loongson.runs/synth_1/.Xil/Vivado-42380-byhx_mk/realtime/my_div_s_stub.v:6]
INFO: [Synth 8-6155] done synthesizing module 'my_div_s' (0#1) [d:/NSCSCC/loongarch/cdp_ede_local-master-pipelinecpu_sdu/mycpu_env/soc_verify/soc_bram/run_vivado/project/loongson.runs/synth_1/.Xil/Vivado-42380-byhx_mk/realtime/my_div_s_stub.v:6]
INFO: [Synth 8-6155] done synthesizing module 'alu' (0#1) [d:/NSCSCC/loongarch/cdp_ede_local-master-pipelinecpu_sdu/mycpu_env/myCPU/alu.v:1]
INFO: [Synth 8-6155] done synthesizing module 'EXE_state' (0#1) [d:/NSCSCC/loongarch/cdp_ede_local-master-pipelinecpu_sdu/mycpu_env/myCPU/EXE_state.v:1]
INFO: [Synth 8-6157] synthesizing module 'MEM_state' [d:/NSCSCC/loongarch/cdp_ede_local-master-pipelinecpu_sdu/mycpu_env/myCPU/MEM_state.v:1]
INFO: [Synth 8-6155] done synthesizing module 'MEM_state' (0#1) [d:/NSCSCC/loongarch/cdp_ede_local-master-pipelinecpu_sdu/mycpu_env/myCPU/MEM_state.v:1]
INFO: [Synth 8-6157] synthesizing module 'WB_state' [d:/NSCSCC/loongarch/cdp_ede_local-master-pipelinecpu_sdu/mycpu_env/myCPU/WB_state.v:1]
INFO: [Synth 8-6155] done synthesizing module 'WB_state' (0#1) [d:/NSCSCC/loongarch/cdp_ede_local-master-pipelinecpu_sdu/mycpu_env/myCPU/WB_state.v:1]
INFO: [Synth 8-6155] done synthesizing module 'mycpu_top' (0#1) [d:/NSCSCC/loongarch/cdp_ede_local-master-pipelinecpu_sdu/mycpu_env/myCPU/mycpu_top.v:1]
INFO: [Synth 8-6157] synthesizing module 'inst_ram' [d:/NSCSCC/loongarch/cdp_ede_local-master-pipelinecpu_sdu/mycpu_env/soc_verify/soc_bram/run_vivado/project/loongson.runs/synth_1/.Xil/Vivado-42380-byhx_mk/realtime/inst_ram_stub.v:6]
INFO: [Synth 8-6155] done synthesizing module 'inst_ram' (0#1) [d:/NSCSCC/loongarch/cdp_ede_local-master-pipelinecpu_sdu/mycpu_env/soc_verify/soc_bram/run_vivado/project/loongson.runs/synth_1/.Xil/Vivado-42380-byhx_mk/realtime/inst_ram_stub.v:6]
WARNING: [Synth 8-689] width (18) of port connection 'addra' does not match port width (15) of module 'inst_ram' [d:/NSCSCC/loongarch/cdp_ede_local-master-pipelinecpu_sdu/mycpu_env/soc_verify/soc_bram/rtl/soc_lite_top.v:179]
INFO: [Synth 8-6157] synthesizing module 'bridge_1x2' [d:/NSCSCC/loongarch/cdp_ede_local-master-pipelinecpu_sdu/mycpu_env/soc_verify/soc_bram/rtl/BRIDGE/bridge_1x2.v:50]
INFO: [Synth 8-6155] done synthesizing module 'bridge_1x2' (0#1) [d:/NSCSCC/loongarch/cdp_ede_local-master-pipelinecpu_sdu/mycpu_env/soc_verify/soc_bram/rtl/BRIDGE/bridge_1x2.v:50]
INFO: [Synth 8-6157] synthesizing module 'data_ram' [d:/NSCSCC/loongarch/cdp_ede_local-master-pipelinecpu_sdu/mycpu_env/soc_verify/soc_bram/run_vivado/project/loongson.runs/synth_1/.Xil/Vivado-42380-byhx_mk/realtime/data_ram_stub.v:6]
INFO: [Synth 8-6155] done synthesizing module 'data_ram' (0#1) [d:/NSCSCC/loongarch/cdp_ede_local-master-pipelinecpu_sdu/mycpu_env/soc_verify/soc_bram/run_vivado/project/loongson.runs/synth_1/.Xil/Vivado-42380-byhx_mk/realtime/data_ram_stub.v:6]
INFO: [Synth 8-6157] synthesizing module 'confreg' [d:/NSCSCC/loongarch/cdp_ede_local-master-pipelinecpu_sdu/mycpu_env/soc_verify/soc_bram/rtl/CONFREG/confreg.v:74]
	Parameter SIMULATION bound to: 1'b0 
INFO: [Synth 8-6155] done synthesizing module 'confreg' (0#1) [d:/NSCSCC/loongarch/cdp_ede_local-master-pipelinecpu_sdu/mycpu_env/soc_verify/soc_bram/rtl/CONFREG/confreg.v:74]
INFO: [Synth 8-6155] done synthesizing module 'soc_lite_top' (0#1) [d:/NSCSCC/loongarch/cdp_ede_local-master-pipelinecpu_sdu/mycpu_env/soc_verify/soc_bram/rtl/soc_lite_top.v:67]
WARNING: [Synth 8-6014] Unused sequential element unsigned_divider_done_reg was removed.  [d:/NSCSCC/loongarch/cdp_ede_local-master-pipelinecpu_sdu/mycpu_env/myCPU/alu.v:196]
WARNING: [Synth 8-6014] Unused sequential element signed_divider_done_reg was removed.  [d:/NSCSCC/loongarch/cdp_ede_local-master-pipelinecpu_sdu/mycpu_env/myCPU/alu.v:229]
WARNING: [Synth 8-6014] Unused sequential element inst_ld_w_reg was removed.  [d:/NSCSCC/loongarch/cdp_ede_local-master-pipelinecpu_sdu/mycpu_env/myCPU/MEM_state.v:50]
WARNING: [Synth 8-6014] Unused sequential element confreg_uart_data_reg was removed.  [d:/NSCSCC/loongarch/cdp_ede_local-master-pipelinecpu_sdu/mycpu_env/soc_verify/soc_bram/rtl/CONFREG/confreg.v:318]
WARNING: [Synth 8-6014] Unused sequential element confreg_uart_valid_reg was removed.  [d:/NSCSCC/loongarch/cdp_ede_local-master-pipelinecpu_sdu/mycpu_env/soc_verify/soc_bram/rtl/CONFREG/confreg.v:319]
WARNING: [Synth 8-3848] Net btn_key_row in module/entity soc_lite_top does not have driver. [d:/NSCSCC/loongarch/cdp_ede_local-master-pipelinecpu_sdu/mycpu_env/soc_verify/soc_bram/rtl/soc_lite_top.v:89]
WARNING: [Synth 8-7129] Port conf_addr[31] in module confreg is either unconnected or has no load
WARNING: [Synth 8-7129] Port conf_addr[30] in module confreg is either unconnected or has no load
WARNING: [Synth 8-7129] Port conf_addr[29] in module confreg is either unconnected or has no load
WARNING: [Synth 8-7129] Port conf_addr[28] in module confreg is either unconnected or has no load
WARNING: [Synth 8-7129] Port conf_addr[27] in module confreg is either unconnected or has no load
WARNING: [Synth 8-7129] Port conf_addr[26] in module confreg is either unconnected or has no load
WARNING: [Synth 8-7129] Port conf_addr[25] in module confreg is either unconnected or has no load
WARNING: [Synth 8-7129] Port conf_addr[24] in module confreg is either unconnected or has no load
WARNING: [Synth 8-7129] Port conf_addr[23] in module confreg is either unconnected or has no load
WARNING: [Synth 8-7129] Port conf_addr[22] in module confreg is either unconnected or has no load
WARNING: [Synth 8-7129] Port conf_addr[21] in module confreg is either unconnected or has no load
WARNING: [Synth 8-7129] Port conf_addr[20] in module confreg is either unconnected or has no load
WARNING: [Synth 8-7129] Port conf_addr[19] in module confreg is either unconnected or has no load
WARNING: [Synth 8-7129] Port conf_addr[18] in module confreg is either unconnected or has no load
WARNING: [Synth 8-7129] Port conf_addr[17] in module confreg is either unconnected or has no load
WARNING: [Synth 8-7129] Port conf_addr[16] in module confreg is either unconnected or has no load
WARNING: [Synth 8-7129] Port EXE_load[0] in module MEM_state is either unconnected or has no load
---------------------------------------------------------------------------------
Finished RTL Elaboration : Time (s): cpu = 00:00:04 ; elapsed = 00:00:04 . Memory (MB): peak = 1385.789 ; gain = 516.301
---------------------------------------------------------------------------------
---------------------------------------------------------------------------------
Start Handling Custom Attributes
---------------------------------------------------------------------------------
---------------------------------------------------------------------------------
Finished Handling Custom Attributes : Time (s): cpu = 00:00:04 ; elapsed = 00:00:05 . Memory (MB): peak = 1385.789 ; gain = 516.301
---------------------------------------------------------------------------------
---------------------------------------------------------------------------------
Finished RTL Optimization Phase 1 : Time (s): cpu = 00:00:04 ; elapsed = 00:00:05 . Memory (MB): peak = 1385.789 ; gain = 516.301
---------------------------------------------------------------------------------
Netlist sorting complete. Time (s): cpu = 00:00:00 ; elapsed = 00:00:00.028 . Memory (MB): peak = 1385.789 ; gain = 0.000
INFO: [Project 1-570] Preparing netlist for logic optimization

Processing XDC Constraints
Initializing timing engine
Parsing XDC File [d:/NSCSCC/loongarch/cdp_ede_local-master-pipelinecpu_sdu/mycpu_env/soc_verify/soc_bram/rtl/xilinx_ip/inst_ram/inst_ram/inst_ram_in_context.xdc] for cell 'inst_ram'
Finished Parsing XDC File [d:/NSCSCC/loongarch/cdp_ede_local-master-pipelinecpu_sdu/mycpu_env/soc_verify/soc_bram/rtl/xilinx_ip/inst_ram/inst_ram/inst_ram_in_context.xdc] for cell 'inst_ram'
Parsing XDC File [d:/NSCSCC/loongarch/cdp_ede_local-master-pipelinecpu_sdu/mycpu_env/soc_verify/soc_bram/rtl/xilinx_ip/data_ram/data_ram/data_ram_in_context.xdc] for cell 'data_ram'
Finished Parsing XDC File [d:/NSCSCC/loongarch/cdp_ede_local-master-pipelinecpu_sdu/mycpu_env/soc_verify/soc_bram/rtl/xilinx_ip/data_ram/data_ram/data_ram_in_context.xdc] for cell 'data_ram'
Parsing XDC File [d:/NSCSCC/loongarch/cdp_ede_local-master-pipelinecpu_sdu/mycpu_env/soc_verify/soc_bram/rtl/xilinx_ip/clk_pll/clk_pll/clk_pll_in_context.xdc] for cell 'pll.clk_pll'
Finished Parsing XDC File [d:/NSCSCC/loongarch/cdp_ede_local-master-pipelinecpu_sdu/mycpu_env/soc_verify/soc_bram/rtl/xilinx_ip/clk_pll/clk_pll/clk_pll_in_context.xdc] for cell 'pll.clk_pll'
Parsing XDC File [d:/NSCSCC/loongarch/cdp_ede_local-master-pipelinecpu_sdu/mycpu_env/soc_verify/soc_bram/run_vivado/project/loongson.gen/sources_1/ip/my_div_u/my_div_u/my_div_u_in_context.xdc] for cell 'cpu/EXE_state_inst/u_alu/u_unsigned_divider'
Finished Parsing XDC File [d:/NSCSCC/loongarch/cdp_ede_local-master-pipelinecpu_sdu/mycpu_env/soc_verify/soc_bram/run_vivado/project/loongson.gen/sources_1/ip/my_div_u/my_div_u/my_div_u_in_context.xdc] for cell 'cpu/EXE_state_inst/u_alu/u_unsigned_divider'
Parsing XDC File [d:/NSCSCC/loongarch/cdp_ede_local-master-pipelinecpu_sdu/mycpu_env/soc_verify/soc_bram/run_vivado/project/loongson.gen/sources_1/ip/my_div_s/my_div_s/my_div_s_in_context.xdc] for cell 'cpu/EXE_state_inst/u_alu/u_signed_divider'
Finished Parsing XDC File [d:/NSCSCC/loongarch/cdp_ede_local-master-pipelinecpu_sdu/mycpu_env/soc_verify/soc_bram/run_vivado/project/loongson.gen/sources_1/ip/my_div_s/my_div_s/my_div_s_in_context.xdc] for cell 'cpu/EXE_state_inst/u_alu/u_signed_divider'
Parsing XDC File [d:/NSCSCC/loongarch/cdp_ede_local-master-pipelinecpu_sdu/mycpu_env/soc_verify/soc_bram/run_vivado/constraints/soc_lite_top.xdc]
WARNING: [Vivado 12-508] No pins matched 'pll.clk_pll/inst/plle2_adv_inst/CLKOUT1'. [d:/NSCSCC/loongarch/cdp_ede_local-master-pipelinecpu_sdu/mycpu_env/soc_verify/soc_bram/run_vivado/constraints/soc_lite_top.xdc:256]
WARNING: [Vivado 12-508] No pins matched 'pll.clk_pll/inst/plle2_adv_inst/CLKOUT0'. [d:/NSCSCC/loongarch/cdp_ede_local-master-pipelinecpu_sdu/mycpu_env/soc_verify/soc_bram/run_vivado/constraints/soc_lite_top.xdc:257]
Finished Parsing XDC File [d:/NSCSCC/loongarch/cdp_ede_local-master-pipelinecpu_sdu/mycpu_env/soc_verify/soc_bram/run_vivado/constraints/soc_lite_top.xdc]
WARNING: [Project 1-498] One or more constraints failed evaluation while reading constraint file [d:/NSCSCC/loongarch/cdp_ede_local-master-pipelinecpu_sdu/mycpu_env/soc_verify/soc_bram/run_vivado/constraints/soc_lite_top.xdc] and the design contains unresolved black boxes. These constraints will be read post-synthesis (as long as their source constraint file is marked as used_in_implementation) and should be applied correctly then. You should review the constraints listed in the file [.Xil/soc_lite_top_propImpl.xdc] and check the run log file to verify that these constraints were correctly applied.
INFO: [Project 1-236] Implementation specific constraints were found while reading constraint file [d:/NSCSCC/loongarch/cdp_ede_local-master-pipelinecpu_sdu/mycpu_env/soc_verify/soc_bram/run_vivado/constraints/soc_lite_top.xdc]. These constraints will be ignored for synthesis but will be used in implementation. Impacted constraints are listed in the file [.Xil/soc_lite_top_propImpl.xdc].
Resolution: To avoid this warning, move constraints listed in [.Xil/soc_lite_top_propImpl.xdc] to another XDC file and exclude this new file from synthesis with the used_in_synthesis property (File Properties dialog in GUI) and re-run elaboration/synthesis.
Completed Processing XDC Constraints

Netlist sorting complete. Time (s): cpu = 00:00:00 ; elapsed = 00:00:00 . Memory (MB): peak = 1496.551 ; gain = 0.000
INFO: [Project 1-111] Unisim Transformation Summary:
No Unisim elements were transformed.

Constraint Validation Runtime : Time (s): cpu = 00:00:00 ; elapsed = 00:00:00.006 . Memory (MB): peak = 1496.551 ; gain = 0.000
WARNING: [Timing 38-316] Clock period '1000.000' specified during out-of-context synthesis of instance 'cpu/EXE_state_inst/u_alu/u_signed_divider' at clock pin 'aclk' is different from the actual clock period '20.000', this can lead to different synthesis results.
WARNING: [Timing 38-316] Clock period '1000.000' specified during out-of-context synthesis of instance 'cpu/EXE_state_inst/u_alu/u_unsigned_divider' at clock pin 'aclk' is different from the actual clock period '20.000', this can lead to different synthesis results.
---------------------------------------------------------------------------------
Finished Constraint Validation : Time (s): cpu = 00:00:09 ; elapsed = 00:00:10 . Memory (MB): peak = 1496.562 ; gain = 627.074
---------------------------------------------------------------------------------
---------------------------------------------------------------------------------
Start Loading Part and Timing Information
---------------------------------------------------------------------------------
Loading part: xc7a100ticsg324-1L
---------------------------------------------------------------------------------
Finished Loading Part and Timing Information : Time (s): cpu = 00:00:09 ; elapsed = 00:00:10 . Memory (MB): peak = 1496.562 ; gain = 627.074
---------------------------------------------------------------------------------
---------------------------------------------------------------------------------
Start Applying 'set_property' XDC Constraints
---------------------------------------------------------------------------------
Applied set_property IO_BUFFER_TYPE = NONE for clk. (constraint file  d:/NSCSCC/loongarch/cdp_ede_local-master-pipelinecpu_sdu/mycpu_env/soc_verify/soc_bram/rtl/xilinx_ip/clk_pll/clk_pll/clk_pll_in_context.xdc, line 4).
Applied set_property CLOCK_BUFFER_TYPE = NONE for clk. (constraint file  d:/NSCSCC/loongarch/cdp_ede_local-master-pipelinecpu_sdu/mycpu_env/soc_verify/soc_bram/rtl/xilinx_ip/clk_pll/clk_pll/clk_pll_in_context.xdc, line 5).
Applied set_property KEEP_HIERARCHY = SOFT for inst_ram. (constraint file  auto generated constraint).
Applied set_property KEEP_HIERARCHY = SOFT for data_ram. (constraint file  auto generated constraint).
Applied set_property KEEP_HIERARCHY = SOFT for \pll.clk_pll . (constraint file  auto generated constraint).
Applied set_property KEEP_HIERARCHY = SOFT for cpu/EXE_state_inst/u_alu/u_unsigned_divider. (constraint file  auto generated constraint).
Applied set_property KEEP_HIERARCHY = SOFT for cpu/EXE_state_inst/u_alu/u_signed_divider. (constraint file  auto generated constraint).
---------------------------------------------------------------------------------
Finished applying 'set_property' XDC Constraints : Time (s): cpu = 00:00:09 ; elapsed = 00:00:10 . Memory (MB): peak = 1496.562 ; gain = 627.074
---------------------------------------------------------------------------------
INFO: [Synth 8-802] inferred FSM for state register 'state_reg' in module 'confreg'
---------------------------------------------------------------------------------------------------
                   State |                     New Encoding |                Previous Encoding 
---------------------------------------------------------------------------------------------------
                 iSTATE4 |                           000001 |                              000
                  iSTATE |                           100000 |                              001
                 iSTATE0 |                           010000 |                              010
                 iSTATE1 |                           001000 |                              011
                 iSTATE2 |                           000100 |                              100
                 iSTATE3 |                           000010 |                              111
---------------------------------------------------------------------------------------------------
INFO: [Synth 8-3354] encoded FSM with state register 'state_reg' using encoding 'one-hot' in module 'confreg'
---------------------------------------------------------------------------------
Finished RTL Optimization Phase 2 : Time (s): cpu = 00:00:10 ; elapsed = 00:00:10 . Memory (MB): peak = 1496.562 ; gain = 627.074
---------------------------------------------------------------------------------
---------------------------------------------------------------------------------
Start RTL Component Statistics 
---------------------------------------------------------------------------------
Detailed RTL Component Info : 
+---Adders : 
	   2 Input   64 Bit       Adders := 1     
	   3 Input   33 Bit       Adders := 1     
	   2 Input   32 Bit       Adders := 2     
	   2 Input    4 Bit       Adders := 1     
+---XORs : 
	   2 Input     32 Bit         XORs := 1     
	   2 Input      1 Bit         XORs := 1     
+---Registers : 
	               38 Bit    Registers := 1     
	               32 Bit    Registers := 30    
	               19 Bit    Registers := 1     
	               16 Bit    Registers := 1     
	                8 Bit    Registers := 2     
	                7 Bit    Registers := 1     
	                5 Bit    Registers := 2     
	                4 Bit    Registers := 2     
	                2 Bit    Registers := 1     
	                1 Bit    Registers := 43    
+---Muxes : 
	   2 Input   32 Bit        Muxes := 19    
	   4 Input   32 Bit        Muxes := 1     
	   2 Input   16 Bit        Muxes := 14    
	   5 Input   16 Bit        Muxes := 1     
	  17 Input   16 Bit        Muxes := 1     
	   8 Input    8 Bit        Muxes := 1     
	   6 Input    6 Bit        Muxes := 1     
	   2 Input    6 Bit        Muxes := 6     
	   2 Input    5 Bit        Muxes := 2     
	   2 Input    4 Bit        Muxes := 3     
	   6 Input    4 Bit        Muxes := 1     
	   2 Input    3 Bit        Muxes := 10    
	   6 Input    3 Bit        Muxes := 2     
	   2 Input    1 Bit        Muxes := 12    
---------------------------------------------------------------------------------
Finished RTL Component Statistics 
---------------------------------------------------------------------------------
---------------------------------------------------------------------------------
Start Part Resource Summary
---------------------------------------------------------------------------------
Part Resources:
DSPs: 240 (col length:80)
BRAMs: 270 (col length: RAMB18 80 RAMB36 40)
---------------------------------------------------------------------------------
Finished Part Resource Summary
---------------------------------------------------------------------------------
---------------------------------------------------------------------------------
Start Cross Boundary and Area Optimization
---------------------------------------------------------------------------------
WARNING: [Synth 8-7080] Parallel synthesis criteria is not met
DSP Report: Generating DSP u_alu/signed_mul_result, operation Mode is: A2*B.
DSP Report: register u_alu/signed_mul_result is absorbed into DSP u_alu/signed_mul_result.
DSP Report: operator u_alu/signed_mul_result is absorbed into DSP u_alu/signed_mul_result.
DSP Report: operator u_alu/signed_mul_result is absorbed into DSP u_alu/signed_mul_result.
DSP Report: Generating DSP u_alu/signed_mul_result, operation Mode is: (PCIN>>17)+A*B.
DSP Report: operator u_alu/signed_mul_result is absorbed into DSP u_alu/signed_mul_result.
DSP Report: operator u_alu/signed_mul_result is absorbed into DSP u_alu/signed_mul_result.
DSP Report: Generating DSP u_alu/signed_mul_result, operation Mode is: A2*B2.
DSP Report: register u_alu/signed_mul_result is absorbed into DSP u_alu/signed_mul_result.
DSP Report: register u_alu/signed_mul_result is absorbed into DSP u_alu/signed_mul_result.
DSP Report: operator u_alu/signed_mul_result is absorbed into DSP u_alu/signed_mul_result.
DSP Report: operator u_alu/signed_mul_result is absorbed into DSP u_alu/signed_mul_result.
DSP Report: Generating DSP u_alu/signed_mul_result, operation Mode is: (PCIN>>17)+A2*B.
DSP Report: register u_alu/signed_mul_result is absorbed into DSP u_alu/signed_mul_result.
DSP Report: operator u_alu/signed_mul_result is absorbed into DSP u_alu/signed_mul_result.
DSP Report: operator u_alu/signed_mul_result is absorbed into DSP u_alu/signed_mul_result.
WARNING: [Synth 8-7129] Port EXE_load[0] in module MEM_state is either unconnected or has no load
WARNING: [Synth 8-3332] Sequential element (u_confreg/FSM_onehot_state_reg[5]) is unused and will be removed from module soc_lite_top.
WARNING: [Synth 8-3332] Sequential element (u_confreg/FSM_onehot_state_reg[2]) is unused and will be removed from module soc_lite_top.
WARNING: [Synth 8-3332] Sequential element (u_confreg/FSM_onehot_state_reg[1]) is unused and will be removed from module soc_lite_top.
WARNING: [Synth 8-3332] Sequential element (u_confreg/FSM_onehot_state_reg[0]) is unused and will be removed from module soc_lite_top.
---------------------------------------------------------------------------------
Finished Cross Boundary and Area Optimization : Time (s): cpu = 00:00:23 ; elapsed = 00:00:24 . Memory (MB): peak = 1496.562 ; gain = 627.074
---------------------------------------------------------------------------------
---------------------------------------------------------------------------------
Start ROM, RAM, DSP, Shift Register and Retiming Reporting
---------------------------------------------------------------------------------

Distributed RAM: Preliminary Mapping Report (see note below)
+------------------+------------------+-----------+----------------------+--------------+
|Module Name       | RTL Object       | Inference | Size (Depth x Width) | Primitives   | 
+------------------+------------------+-----------+----------------------+--------------+
|cpu/ID_state_inst | u_regfile/rf_reg | Implied   | 32 x 32              | RAM32M x 12  | 
+------------------+------------------+-----------+----------------------+--------------+

Note: The table above is a preliminary report that shows the Distributed RAMs at the current stage of the synthesis flow. Some Distributed RAMs may be reimplemented as non Distributed RAM primitives later in the synthesis flow. Multiple instantiated RAMs are reported only once.

DSP: Preliminary Mapping Report (see note below. The ' indicates corresponding REG is set)
+------------+-----------------+--------+--------+--------+--------+--------+------+------+------+------+-------+------+------+
|Module Name | DSP Mapping     | A Size | B Size | C Size | D Size | P Size | AREG | BREG | CREG | DREG | ADREG | MREG | PREG | 
+------------+-----------------+--------+--------+--------+--------+--------+------+------+------+------+-------+------+------+
|EXE_state   | A2*B            | 18     | 16     | -      | -      | 48     | 1    | 0    | -    | -    | -     | 0    | 0    | 
|alu         | (PCIN>>17)+A*B  | 16     | 16     | -      | -      | 30     | 0    | 0    | -    | -    | -     | 0    | 0    | 
|EXE_state   | A2*B2           | 18     | 18     | -      | -      | 48     | 1    | 1    | -    | -    | -     | 0    | 0    | 
|EXE_state   | (PCIN>>17)+A2*B | 18     | 16     | -      | -      | 47     | 1    | 0    | -    | -    | -     | 0    | 0    | 
+------------+-----------------+--------+--------+--------+--------+--------+------+------+------+------+-------+------+------+

Note: The table above is a preliminary report that shows the DSPs inferred at the current stage of the synthesis flow. Some DSP may be reimplemented as non DSP primitives later in the synthesis flow. Multiple instantiated DSPs are reported only once.
---------------------------------------------------------------------------------
Finished ROM, RAM, DSP, Shift Register and Retiming Reporting
---------------------------------------------------------------------------------
---------------------------------------------------------------------------------
Start Applying XDC Timing Constraints
---------------------------------------------------------------------------------
---------------------------------------------------------------------------------
Finished Applying XDC Timing Constraints : Time (s): cpu = 00:00:28 ; elapsed = 00:00:29 . Memory (MB): peak = 1496.562 ; gain = 627.074
---------------------------------------------------------------------------------
---------------------------------------------------------------------------------
Start Timing Optimization
---------------------------------------------------------------------------------
---------------------------------------------------------------------------------
Finished Timing Optimization : Time (s): cpu = 00:00:39 ; elapsed = 00:00:40 . Memory (MB): peak = 1659.160 ; gain = 789.672
---------------------------------------------------------------------------------
---------------------------------------------------------------------------------
Start ROM, RAM, DSP, Shift Register and Retiming Reporting
---------------------------------------------------------------------------------

Distributed RAM: Final Mapping Report
+------------------+------------------+-----------+----------------------+--------------+
|Module Name       | RTL Object       | Inference | Size (Depth x Width) | Primitives   | 
+------------------+------------------+-----------+----------------------+--------------+
|cpu/ID_state_inst | u_regfile/rf_reg | Implied   | 32 x 32              | RAM32M x 12  | 
+------------------+------------------+-----------+----------------------+--------------+

---------------------------------------------------------------------------------
Finished ROM, RAM, DSP, Shift Register and Retiming Reporting
---------------------------------------------------------------------------------
---------------------------------------------------------------------------------
Start Technology Mapping
---------------------------------------------------------------------------------
---------------------------------------------------------------------------------
Finished Technology Mapping : Time (s): cpu = 00:00:40 ; elapsed = 00:00:41 . Memory (MB): peak = 1664.684 ; gain = 795.195
---------------------------------------------------------------------------------
---------------------------------------------------------------------------------
Start IO Insertion
---------------------------------------------------------------------------------
---------------------------------------------------------------------------------
Start Flattening Before IO Insertion
---------------------------------------------------------------------------------
---------------------------------------------------------------------------------
Finished Flattening Before IO Insertion
---------------------------------------------------------------------------------
---------------------------------------------------------------------------------
Start Final Netlist Cleanup
---------------------------------------------------------------------------------
---------------------------------------------------------------------------------
Finished Final Netlist Cleanup
---------------------------------------------------------------------------------
---------------------------------------------------------------------------------
Finished IO Insertion : Time (s): cpu = 00:00:43 ; elapsed = 00:00:44 . Memory (MB): peak = 1664.684 ; gain = 795.195
---------------------------------------------------------------------------------
---------------------------------------------------------------------------------
Start Renaming Generated Instances
---------------------------------------------------------------------------------
---------------------------------------------------------------------------------
Finished Renaming Generated Instances : Time (s): cpu = 00:00:43 ; elapsed = 00:00:44 . Memory (MB): peak = 1664.684 ; gain = 795.195
---------------------------------------------------------------------------------
---------------------------------------------------------------------------------
Start Rebuilding User Hierarchy
---------------------------------------------------------------------------------
---------------------------------------------------------------------------------
Finished Rebuilding User Hierarchy : Time (s): cpu = 00:00:43 ; elapsed = 00:00:44 . Memory (MB): peak = 1664.684 ; gain = 795.195
---------------------------------------------------------------------------------
---------------------------------------------------------------------------------
Start Renaming Generated Ports
---------------------------------------------------------------------------------
---------------------------------------------------------------------------------
Finished Renaming Generated Ports : Time (s): cpu = 00:00:43 ; elapsed = 00:00:44 . Memory (MB): peak = 1664.684 ; gain = 795.195
---------------------------------------------------------------------------------
---------------------------------------------------------------------------------
Start Handling Custom Attributes
---------------------------------------------------------------------------------
---------------------------------------------------------------------------------
Finished Handling Custom Attributes : Time (s): cpu = 00:00:43 ; elapsed = 00:00:44 . Memory (MB): peak = 1664.684 ; gain = 795.195
---------------------------------------------------------------------------------
---------------------------------------------------------------------------------
Start Renaming Generated Nets
---------------------------------------------------------------------------------
---------------------------------------------------------------------------------
Finished Renaming Generated Nets : Time (s): cpu = 00:00:43 ; elapsed = 00:00:44 . Memory (MB): peak = 1664.684 ; gain = 795.195
---------------------------------------------------------------------------------
---------------------------------------------------------------------------------
Start Writing Synthesis Report
---------------------------------------------------------------------------------

DSP Final Report (the ' indicates corresponding REG is set)
+------------+---------------+--------+--------+--------+--------+--------+------+------+------+------+-------+------+------+
|Module Name | DSP Mapping   | A Size | B Size | C Size | D Size | P Size | AREG | BREG | CREG | DREG | ADREG | MREG | PREG | 
+------------+---------------+--------+--------+--------+--------+--------+------+------+------+------+-------+------+------+
|EXE_state   | A'*B          | 17     | 18     | -      | -      | 48     | 1    | 0    | -    | -    | -     | 0    | 0    | 
|alu         | PCIN>>17+A*B  | 30     | 18     | -      | -      | 30     | 0    | 0    | -    | -    | -     | 0    | 0    | 
|EXE_state   | A'*B'         | 17     | 17     | -      | -      | 48     | 1    | 1    | -    | -    | -     | 0    | 0    | 
|EXE_state   | PCIN>>17+A'*B | 17     | 18     | -      | -      | 47     | 1    | 0    | -    | -    | -     | 0    | 0    | 
+------------+---------------+--------+--------+--------+--------+--------+------+------+------+------+-------+------+------+


Report BlackBoxes: 
+------+--------------+----------+
|      |BlackBox name |Instances |
+------+--------------+----------+
|1     |clk_pll       |         1|
|2     |inst_ram      |         1|
|3     |data_ram      |         1|
|4     |my_div_u      |         1|
|5     |my_div_s      |         1|
+------+--------------+----------+

Report Cell Usage: 
+------+---------+------+
|      |Cell     |Count |
+------+---------+------+
|1     |clk_pll  |     1|
|2     |data_ram |     1|
|3     |inst_ram |     1|
|4     |my_div_s |     1|
|5     |my_div_u |     1|
|6     |CARRY4   |    71|
|7     |DSP48E1  |     4|
|10    |LUT1     |     8|
|11    |LUT2     |   157|
|12    |LUT3     |   183|
|13    |LUT4     |   245|
|14    |LUT5     |   258|
|15    |LUT6     |   590|
|16    |RAM32M   |    10|
|17    |RAM32X1D |     4|
|18    |FDRE     |  1013|
|19    |FDSE     |    45|
|20    |IBUF     |    11|
|21    |OBUF     |    35|
+------+---------+------+
---------------------------------------------------------------------------------
Finished Writing Synthesis Report : Time (s): cpu = 00:00:43 ; elapsed = 00:00:44 . Memory (MB): peak = 1664.684 ; gain = 795.195
---------------------------------------------------------------------------------
Synthesis finished with 0 errors, 0 critical warnings and 6 warnings.
Synthesis Optimization Runtime : Time (s): cpu = 00:00:38 ; elapsed = 00:00:43 . Memory (MB): peak = 1664.684 ; gain = 684.422
Synthesis Optimization Complete : Time (s): cpu = 00:00:43 ; elapsed = 00:00:44 . Memory (MB): peak = 1664.684 ; gain = 795.195
INFO: [Project 1-571] Translating synthesized netlist
Netlist sorting complete. Time (s): cpu = 00:00:00 ; elapsed = 00:00:00.023 . Memory (MB): peak = 1667.543 ; gain = 0.000
INFO: [Netlist 29-17] Analyzing 89 Unisim elements for replacement
INFO: [Netlist 29-28] Unisim Transformation completed in 0 CPU seconds
INFO: [Project 1-570] Preparing netlist for logic optimization
INFO: [Opt 31-138] Pushed 0 inverter(s) to 0 load pin(s).
Netlist sorting complete. Time (s): cpu = 00:00:00 ; elapsed = 00:00:00 . Memory (MB): peak = 1671.250 ; gain = 0.000
INFO: [Project 1-111] Unisim Transformation Summary:
  A total of 14 instances were transformed.
  RAM32M => RAM32M (RAMD32(x6), RAMS32(x2)): 10 instances
  RAM32X1D => RAM32X1D (RAMD32(x2)): 4 instances

Synth Design complete | Checksum: 124b17cb
INFO: [Common 17-83] Releasing license: Synthesis
57 Infos, 35 Warnings, 0 Critical Warnings and 0 Errors encountered.
synth_design completed successfully
synth_design: Time (s): cpu = 00:00:46 ; elapsed = 00:00:48 . Memory (MB): peak = 1671.250 ; gain = 1203.480
INFO: [Common 17-1381] The checkpoint 'd:/NSCSCC/loongarch/cdp_ede_local-master-pipelinecpu_sdu/mycpu_env/soc_verify/soc_bram/run_vivado/project/loongson.runs/synth_1/soc_lite_top.dcp' has been generated.
INFO: [runtcl-4] Executing : report_utilization -file soc_lite_top_utilization_synth.rpt -pb soc_lite_top_utilization_synth.pb
INFO: [Common 17-206] Exiting Vivado at Wed Apr 23 10:52:36 2025...
