Copyright 1986-2022 Xilinx, Inc. All Rights Reserved. Copyright 2022-2023 Advanced Micro Devices, Inc. All Rights Reserved.
----------------------------------------------------------------------------------------------------------------------------------------------------------
| Tool Version     : Vivado v.2023.1 (win64) Build 3865809 Sun May  7 15:05:29 MDT 2023
| Date             : Wed Apr 23 10:55:03 2025
| Host             : byhx_mk running 64-bit major release  (build 9200)
| Command          : report_power -file soc_lite_top_power_routed.rpt -pb soc_lite_top_power_summary_routed.pb -rpx soc_lite_top_power_routed.rpx
| Design           : soc_lite_top
| Device           : xc7a100ticsg324-1L
| Design State     : routed
| Grade            : industrial
| Process          : typical
| Characterization : Production
----------------------------------------------------------------------------------------------------------------------------------------------------------

Power Report

Table of Contents
-----------------
1. Summary
1.1 On-Chip Components
1.2 Power Supply Summary
1.3 Confidence Level
2. Settings
2.1 Environment
2.2 Clock Constraints
3. Detailed Reports
3.1 By Hierarchy

1. Summary
----------

+--------------------------+--------------+
| Total On-Chip Power (W)  | 0.212        |
| Design Power Budget (W)  | Unspecified* |
| Power Budget Margin (W)  | NA           |
| Dynamic (W)              | 0.126        |
| Device Static (W)        | 0.086        |
| Effective TJA (C/W)      | 4.6          |
| Max Ambient (C)          | 99.0         |
| Junction Temperature (C) | 26.0         |
| Confidence Level         | Low          |
| Setting File             | ---          |
| Simulation Activity File | ---          |
| Design Nets Matched      | NA           |
+--------------------------+--------------+
* Specify Design Power Budget using, set_operating_conditions -design_power_budget <value in Watts>


1.1 On-Chip Components
----------------------

+--------------------------+-----------+----------+-----------+-----------------+
| On-Chip                  | Power (W) | Used     | Available | Utilization (%) |
+--------------------------+-----------+----------+-----------+-----------------+
| Clocks                   |     0.008 |       10 |       --- |             --- |
| Slice Logic              |     0.005 |     5972 |       --- |             --- |
|   LUT as Logic           |     0.004 |     2164 |     63400 |            3.41 |
|   CARRY4                 |    <0.001 |      191 |     15850 |            1.21 |
|   Register               |    <0.001 |     2479 |    126800 |            1.96 |
|   F7/F8 Muxes            |    <0.001 |      136 |     63400 |            0.21 |
|   LUT as Distributed RAM |    <0.001 |       44 |     19000 |            0.23 |
|   LUT as Shift Register  |    <0.001 |        6 |     19000 |            0.03 |
|   Others                 |     0.000 |      571 |       --- |             --- |
| Signals                  |     0.009 |     5337 |       --- |             --- |
| Block RAM                |     0.003 |     93.5 |       135 |           69.26 |
| PLL                      |     0.100 |        1 |         6 |           16.67 |
| DSPs                     |    <0.001 |        4 |       240 |            1.67 |
| I/O                      |     0.002 |       47 |       210 |           22.38 |
| Static Power             |     0.086 |          |           |                 |
| Total                    |     0.212 |          |           |                 |
+--------------------------+-----------+----------+-----------+-----------------+


1.2 Power Supply Summary
------------------------

+-----------+-------------+-----------+-------------+------------+-------------+-------------+------------+
| Source    | Voltage (V) | Total (A) | Dynamic (A) | Static (A) | Powerup (A) | Budget (A)  | Margin (A) |
+-----------+-------------+-----------+-------------+------------+-------------+-------------+------------+
| Vccint    |       0.950 |     0.044 |       0.033 |      0.011 |       NA    | Unspecified | NA         |
| Vccaux    |       1.800 |     0.068 |       0.051 |      0.016 |       NA    | Unspecified | NA         |
| Vcco33    |       3.300 |     0.005 |       0.001 |      0.004 |       NA    | Unspecified | NA         |
| Vcco25    |       2.500 |     0.000 |       0.000 |      0.000 |       NA    | Unspecified | NA         |
| Vcco18    |       1.800 |     0.000 |       0.000 |      0.000 |       NA    | Unspecified | NA         |
| Vcco15    |       1.500 |     0.000 |       0.000 |      0.000 |       NA    | Unspecified | NA         |
| Vcco135   |       1.350 |     0.000 |       0.000 |      0.000 |       NA    | Unspecified | NA         |
| Vcco12    |       1.200 |     0.000 |       0.000 |      0.000 |       NA    | Unspecified | NA         |
| Vccaux_io |       1.800 |     0.000 |       0.000 |      0.000 |       NA    | Unspecified | NA         |
| Vccbram   |       0.950 |     0.002 |       0.000 |      0.001 |       NA    | Unspecified | NA         |
| MGTAVcc   |       1.000 |     0.000 |       0.000 |      0.000 |       NA    | Unspecified | NA         |
| MGTAVtt   |       1.200 |     0.000 |       0.000 |      0.000 |       NA    | Unspecified | NA         |
| Vccadc    |       1.800 |     0.018 |       0.000 |      0.018 |       NA    | Unspecified | NA         |
+-----------+-------------+-----------+-------------+------------+-------------+-------------+------------+


1.3 Confidence Level
--------------------

+-----------------------------+------------+--------------------------------------------------------+------------------------------------------------------------------------------------------------------------+
| User Input Data             | Confidence | Details                                                | Action                                                                                                     |
+-----------------------------+------------+--------------------------------------------------------+------------------------------------------------------------------------------------------------------------+
| Design implementation state | High       | Design is routed                                       |                                                                                                            |
| Clock nodes activity        | High       | User specified more than 95% of clocks                 |                                                                                                            |
| I/O nodes activity          | Low        | More than 75% of inputs are missing user specification | Provide missing input activity with simulation results or by editing the "By Resource Type -> I/Os" view   |
| Internal nodes activity     | Medium     | User specified less than 25% of internal nodes         | Provide missing internal nodes activity with simulation results or by editing the "By Resource Type" views |
| Device models               | High       | Device models are Production                           |                                                                                                            |
|                             |            |                                                        |                                                                                                            |
| Overall confidence level    | Low        |                                                        |                                                                                                            |
+-----------------------------+------------+--------------------------------------------------------+------------------------------------------------------------------------------------------------------------+


2. Settings
-----------

2.1 Environment
---------------

+-----------------------+--------------------------+
| Ambient Temp (C)      | 25.0                     |
| ThetaJA (C/W)         | 4.6                      |
| Airflow (LFM)         | 250                      |
| Heat Sink             | medium (Medium Profile)  |
| ThetaSA (C/W)         | 4.6                      |
| Board Selection       | medium (10"x10")         |
| # of Board Layers     | 12to15 (12 to 15 Layers) |
| Board Temperature (C) | 25.0                     |
+-----------------------+--------------------------+


2.2 Clock Constraints
---------------------

+---------------------+------------------------------------+-----------------+
| Clock               | Domain                             | Constraint (ns) |
+---------------------+------------------------------------+-----------------+
| clk                 | clk                                |            10.0 |
| clkfbout_clk_pll    | pll.clk_pll/inst/clkfbout_clk_pll  |            10.0 |
| clkfbout_clk_pll_1  | pll.clk_pll/inst/clkfbout_clk_pll  |            10.0 |
| cpu_clk_clk_pll     | pll.clk_pll/inst/cpu_clk_clk_pll   |            20.0 |
| cpu_clk_clk_pll_1   | pll.clk_pll/inst/cpu_clk_clk_pll   |            20.0 |
| sys_clk_pin         | clk                                |            10.0 |
| timer_clk_clk_pll   | pll.clk_pll/inst/timer_clk_clk_pll |            10.0 |
| timer_clk_clk_pll_1 | pll.clk_pll/inst/timer_clk_clk_pll |            10.0 |
+---------------------+------------------------------------+-----------------+


3. Detailed Reports
-------------------

3.1 By Hierarchy
----------------

+------------------------+-----------+
| Name                   | Power (W) |
+------------------------+-----------+
| soc_lite_top           |     0.126 |
|   cpu                  |     0.017 |
|     EXE_state_inst     |     0.011 |
|       u_alu            |     0.010 |
|     ID_state_inst      |     0.005 |
|   inst_ram             |     0.004 |
|     U0                 |     0.004 |
|       inst_blk_mem_gen |     0.004 |
|   pll.clk_pll          |     0.100 |
|     inst               |     0.100 |
|   u_confreg            |     0.003 |
+------------------------+-----------+


